<?xml version="1.0" encoding="UTF-8"?>
<testng-results ignored="0" total="2" passed="2" failed="0" skipped="0">
  <reporter-output>
  </reporter-output>
  <suite started-at="2025-01-22T21:35:35 GMT" name="Default suite" finished-at="2025-01-22T21:35:43 GMT" duration-ms="7963">
    <groups>
    </groups>
    <test started-at="2025-01-22T21:35:35 GMT" name="Default test" finished-at="2025-01-22T21:35:43 GMT" duration-ms="7963">
      <class name="tests">
        <test-method signature="test1()[pri:0, instance:tests@49e53c76]" started-at="2025-01-22T21:35:35 GMT" name="test1" finished-at="2025-01-22T21:35:42 GMT" duration-ms="6237" status="PASS">
          <reporter-output>
          </reporter-output>
        </test-method> <!-- test1 -->
        <test-method signature="test2()[pri:0, instance:tests@49e53c76]" started-at="2025-01-22T21:35:42 GMT" name="test2" finished-at="2025-01-22T21:35:43 GMT" duration-ms="1646" status="PASS">
          <reporter-output>
          </reporter-output>
        </test-method> <!-- test2 -->
      </class> <!-- tests -->
    </test> <!-- Default test -->
  </suite> <!-- Default suite -->
</testng-results>
